d:\burger\125\framework\engine\default\x64\debug\vc140.pdb
d:\burger\125\framework\engine\default\x64\debug\vc140.idb
d:\burger\125\framework\engine\default\x64\debug\camera.obj
d:\burger\125\framework\engine\default\x64\debug\component.obj
d:\burger\125\framework\engine\default\x64\debug\component_manager.obj
d:\burger\125\framework\engine\default\x64\debug\gameinstance.obj
d:\burger\125\framework\engine\default\x64\debug\gameobject.obj
d:\burger\125\framework\engine\default\x64\debug\graphic_device.obj
d:\burger\125\framework\engine\default\x64\debug\input_device.obj
d:\burger\125\framework\engine\default\x64\debug\layer.obj
d:\burger\125\framework\engine\default\x64\debug\level.obj
d:\burger\125\framework\engine\default\x64\debug\level_manager.obj
d:\burger\125\framework\engine\default\x64\debug\object_manager.obj
d:\burger\125\framework\engine\default\x64\debug\renderer.obj
d:\burger\125\framework\engine\default\x64\debug\texture.obj
d:\burger\125\framework\engine\default\x64\debug\timer.obj
d:\burger\125\framework\engine\default\x64\debug\timer_manager.obj
d:\burger\125\framework\engine\default\x64\debug\transform.obj
d:\burger\125\framework\engine\default\x64\debug\vibuffer.obj
d:\burger\125\framework\engine\default\x64\debug\vibuffer_cube.obj
d:\burger\125\framework\engine\default\x64\debug\vibuffer_rect.obj
d:\burger\125\framework\engine\default\x64\debug\vibuffer_terrain.obj
d:\burger\125\framework\engine\default\x64\debug\base.obj
d:\burger\125\framework\engine\bin\engine.lib
d:\burger\125\framework\engine\bin\engine.exp
d:\burger\125\framework\engine\bin\engine.ilk
d:\burger\125\framework\engine\bin\engine.dll
d:\burger\125\framework\engine\bin\engine.pdb
d:\burger\125\framework\engine\default\..\bin\engine.dll
d:\burger\125\framework\engine\default\x64\debug\engine.tlog\cl.command.1.tlog
d:\burger\125\framework\engine\default\x64\debug\engine.tlog\cl.read.1.tlog
d:\burger\125\framework\engine\default\x64\debug\engine.tlog\cl.write.1.tlog
d:\burger\125\framework\engine\default\x64\debug\engine.tlog\engine.write.1u.tlog
d:\burger\125\framework\engine\default\x64\debug\engine.tlog\link.command.1.tlog
d:\burger\125\framework\engine\default\x64\debug\engine.tlog\link.read.1.tlog
d:\burger\125\framework\engine\default\x64\debug\engine.tlog\link.write.1.tlog
